CRITICAL - 2025-06-18 07:07:30 --> Undefined array key ""
#0 /var/www/vhosts/test.tawseelonline.om/tawseelonline.om/myapp/app/Views/dashboard/myprofile.php(105): CodeIgniter\Debug\Exceptions->errorHandler()
#1 /var/www/vhosts/test.tawseelonline.om/tawseelonline.om/myapp/system/View/View.php(220): include('...')
#2 /var/www/vhosts/test.tawseelonline.om/tawseelonline.om/myapp/system/View/View.php(222): CodeIgniter\View\View->CodeIgniter\View\{closure}()
#3 /var/www/vhosts/test.tawseelonline.om/tawseelonline.om/myapp/system/Common.php(1217): CodeIgniter\View\View->render()
#4 /var/www/vhosts/test.tawseelonline.om/tawseelonline.om/myapp/app/Controllers/Dashboard.php(43): view()
#5 /var/www/vhosts/test.tawseelonline.om/tawseelonline.om/myapp/system/CodeIgniter.php(936): App\Controllers\Dashboard->myprofile()
#6 /var/www/vhosts/test.tawseelonline.om/tawseelonline.om/myapp/system/CodeIgniter.php(432): CodeIgniter\CodeIgniter->runController()
#7 /var/www/vhosts/test.tawseelonline.om/tawseelonline.om/myapp/system/CodeIgniter.php(333): CodeIgniter\CodeIgniter->handleRequest()
#8 /var/www/vhosts/test.tawseelonline.om/tawseelonline.om/index.php(44): CodeIgniter\CodeIgniter->run()
#9 {main}
CRITICAL - 2025-06-18 07:12:47 --> foreach() argument must be of type array|object, string given
#0 /var/www/vhosts/test.tawseelonline.om/tawseelonline.om/myapp/app/Views/dashboard/myprofile_edit.php(68): CodeIgniter\Debug\Exceptions->errorHandler()
#1 /var/www/vhosts/test.tawseelonline.om/tawseelonline.om/myapp/system/View/View.php(220): include('...')
#2 /var/www/vhosts/test.tawseelonline.om/tawseelonline.om/myapp/system/View/View.php(222): CodeIgniter\View\View->CodeIgniter\View\{closure}()
#3 /var/www/vhosts/test.tawseelonline.om/tawseelonline.om/myapp/system/Common.php(1217): CodeIgniter\View\View->render()
#4 /var/www/vhosts/test.tawseelonline.om/tawseelonline.om/myapp/app/Controllers/Dashboard.php(54): view()
#5 /var/www/vhosts/test.tawseelonline.om/tawseelonline.om/myapp/system/CodeIgniter.php(936): App\Controllers\Dashboard->profile_edit()
#6 /var/www/vhosts/test.tawseelonline.om/tawseelonline.om/myapp/system/CodeIgniter.php(432): CodeIgniter\CodeIgniter->runController()
#7 /var/www/vhosts/test.tawseelonline.om/tawseelonline.om/myapp/system/CodeIgniter.php(333): CodeIgniter\CodeIgniter->handleRequest()
#8 /var/www/vhosts/test.tawseelonline.om/tawseelonline.om/index.php(44): CodeIgniter\CodeIgniter->run()
#9 {main}
CRITICAL - 2025-06-18 07:21:08 --> CodeIgniter\Database\BaseBuilder::set(): Argument #2 ($value) must be of type ?string, array given, called in /var/www/vhosts/test.tawseelonline.om/tawseelonline.om/myapp/system/Model.php on line 350
#0 /var/www/vhosts/test.tawseelonline.om/tawseelonline.om/myapp/system/Model.php(350): CodeIgniter\Database\BaseBuilder->set()
#1 /var/www/vhosts/test.tawseelonline.om/tawseelonline.om/myapp/system/BaseModel.php(901): CodeIgniter\Model->doUpdate()
#2 /var/www/vhosts/test.tawseelonline.om/tawseelonline.om/myapp/system/Model.php(737): CodeIgniter\BaseModel->update()
#3 /var/www/vhosts/test.tawseelonline.om/tawseelonline.om/myapp/app/Controllers/Dashboard.php(211): CodeIgniter\Model->update()
#4 /var/www/vhosts/test.tawseelonline.om/tawseelonline.om/myapp/system/CodeIgniter.php(936): App\Controllers\Dashboard->users_update()
#5 /var/www/vhosts/test.tawseelonline.om/tawseelonline.om/myapp/system/CodeIgniter.php(432): CodeIgniter\CodeIgniter->runController()
#6 /var/www/vhosts/test.tawseelonline.om/tawseelonline.om/myapp/system/CodeIgniter.php(333): CodeIgniter\CodeIgniter->handleRequest()
#7 /var/www/vhosts/test.tawseelonline.om/tawseelonline.om/index.php(44): CodeIgniter\CodeIgniter->run()
#8 {main}
CRITICAL - 2025-06-18 07:25:27 --> CodeIgniter\Database\BaseBuilder::set(): Argument #2 ($value) must be of type ?string, array given, called in /var/www/vhosts/test.tawseelonline.om/tawseelonline.om/myapp/system/Model.php on line 350
#0 /var/www/vhosts/test.tawseelonline.om/tawseelonline.om/myapp/system/Model.php(350): CodeIgniter\Database\BaseBuilder->set()
#1 /var/www/vhosts/test.tawseelonline.om/tawseelonline.om/myapp/system/BaseModel.php(901): CodeIgniter\Model->doUpdate()
#2 /var/www/vhosts/test.tawseelonline.om/tawseelonline.om/myapp/system/Model.php(737): CodeIgniter\BaseModel->update()
#3 /var/www/vhosts/test.tawseelonline.om/tawseelonline.om/myapp/app/Controllers/Dashboard.php(211): CodeIgniter\Model->update()
#4 /var/www/vhosts/test.tawseelonline.om/tawseelonline.om/myapp/system/CodeIgniter.php(936): App\Controllers\Dashboard->users_update()
#5 /var/www/vhosts/test.tawseelonline.om/tawseelonline.om/myapp/system/CodeIgniter.php(432): CodeIgniter\CodeIgniter->runController()
#6 /var/www/vhosts/test.tawseelonline.om/tawseelonline.om/myapp/system/CodeIgniter.php(333): CodeIgniter\CodeIgniter->handleRequest()
#7 /var/www/vhosts/test.tawseelonline.om/tawseelonline.om/index.php(44): CodeIgniter\CodeIgniter->run()
#8 {main}
CRITICAL - 2025-06-18 07:26:11 --> CodeIgniter\Database\BaseBuilder::set(): Argument #2 ($value) must be of type ?string, array given, called in /var/www/vhosts/test.tawseelonline.om/tawseelonline.om/myapp/system/Model.php on line 350
#0 /var/www/vhosts/test.tawseelonline.om/tawseelonline.om/myapp/system/Model.php(350): CodeIgniter\Database\BaseBuilder->set()
#1 /var/www/vhosts/test.tawseelonline.om/tawseelonline.om/myapp/system/BaseModel.php(901): CodeIgniter\Model->doUpdate()
#2 /var/www/vhosts/test.tawseelonline.om/tawseelonline.om/myapp/system/Model.php(737): CodeIgniter\BaseModel->update()
#3 /var/www/vhosts/test.tawseelonline.om/tawseelonline.om/myapp/app/Controllers/Dashboard.php(211): CodeIgniter\Model->update()
#4 /var/www/vhosts/test.tawseelonline.om/tawseelonline.om/myapp/system/CodeIgniter.php(936): App\Controllers\Dashboard->users_update()
#5 /var/www/vhosts/test.tawseelonline.om/tawseelonline.om/myapp/system/CodeIgniter.php(432): CodeIgniter\CodeIgniter->runController()
#6 /var/www/vhosts/test.tawseelonline.om/tawseelonline.om/myapp/system/CodeIgniter.php(333): CodeIgniter\CodeIgniter->handleRequest()
#7 /var/www/vhosts/test.tawseelonline.om/tawseelonline.om/index.php(44): CodeIgniter\CodeIgniter->run()
#8 {main}
CRITICAL - 2025-06-18 07:28:33 --> CodeIgniter\Database\BaseBuilder::set(): Argument #2 ($value) must be of type ?string, array given, called in /var/www/vhosts/test.tawseelonline.om/tawseelonline.om/myapp/system/Model.php on line 350
#0 /var/www/vhosts/test.tawseelonline.om/tawseelonline.om/myapp/system/Model.php(350): CodeIgniter\Database\BaseBuilder->set()
#1 /var/www/vhosts/test.tawseelonline.om/tawseelonline.om/myapp/system/BaseModel.php(901): CodeIgniter\Model->doUpdate()
#2 /var/www/vhosts/test.tawseelonline.om/tawseelonline.om/myapp/system/Model.php(737): CodeIgniter\BaseModel->update()
#3 /var/www/vhosts/test.tawseelonline.om/tawseelonline.om/myapp/app/Controllers/Dashboard.php(211): CodeIgniter\Model->update()
#4 /var/www/vhosts/test.tawseelonline.om/tawseelonline.om/myapp/system/CodeIgniter.php(936): App\Controllers\Dashboard->users_update()
#5 /var/www/vhosts/test.tawseelonline.om/tawseelonline.om/myapp/system/CodeIgniter.php(432): CodeIgniter\CodeIgniter->runController()
#6 /var/www/vhosts/test.tawseelonline.om/tawseelonline.om/myapp/system/CodeIgniter.php(333): CodeIgniter\CodeIgniter->handleRequest()
#7 /var/www/vhosts/test.tawseelonline.om/tawseelonline.om/index.php(44): CodeIgniter\CodeIgniter->run()
#8 {main}
CRITICAL - 2025-06-18 08:43:52 --> CodeIgniter\Database\BaseBuilder::set(): Argument #2 ($value) must be of type ?string, array given, called in /var/www/vhosts/test.tawseelonline.om/tawseelonline.om/myapp/system/Model.php on line 350
#0 /var/www/vhosts/test.tawseelonline.om/tawseelonline.om/myapp/system/Model.php(350): CodeIgniter\Database\BaseBuilder->set()
#1 /var/www/vhosts/test.tawseelonline.om/tawseelonline.om/myapp/system/BaseModel.php(901): CodeIgniter\Model->doUpdate()
#2 /var/www/vhosts/test.tawseelonline.om/tawseelonline.om/myapp/system/Model.php(737): CodeIgniter\BaseModel->update()
#3 /var/www/vhosts/test.tawseelonline.om/tawseelonline.om/myapp/app/Controllers/Dashboard.php(213): CodeIgniter\Model->update()
#4 /var/www/vhosts/test.tawseelonline.om/tawseelonline.om/myapp/system/CodeIgniter.php(936): App\Controllers\Dashboard->users_update()
#5 /var/www/vhosts/test.tawseelonline.om/tawseelonline.om/myapp/system/CodeIgniter.php(432): CodeIgniter\CodeIgniter->runController()
#6 /var/www/vhosts/test.tawseelonline.om/tawseelonline.om/myapp/system/CodeIgniter.php(333): CodeIgniter\CodeIgniter->handleRequest()
#7 /var/www/vhosts/test.tawseelonline.om/tawseelonline.om/index.php(44): CodeIgniter\CodeIgniter->run()
#8 {main}
CRITICAL - 2025-06-18 09:40:46 --> Undefined variable $errors
#0 /var/www/vhosts/test.tawseelonline.om/tawseelonline.om/myapp/app/Controllers/Auth.php(353): CodeIgniter\Debug\Exceptions->errorHandler()
#1 /var/www/vhosts/test.tawseelonline.om/tawseelonline.om/myapp/system/CodeIgniter.php(936): App\Controllers\Auth->businesses_reg()
#2 /var/www/vhosts/test.tawseelonline.om/tawseelonline.om/myapp/system/CodeIgniter.php(432): CodeIgniter\CodeIgniter->runController()
#3 /var/www/vhosts/test.tawseelonline.om/tawseelonline.om/myapp/system/CodeIgniter.php(333): CodeIgniter\CodeIgniter->handleRequest()
#4 /var/www/vhosts/test.tawseelonline.om/tawseelonline.om/index.php(44): CodeIgniter\CodeIgniter->run()
#5 {main}
