CRITICAL - 2025-06-15 03:53:38 --> Call to undefined function App\Controllers\request()
#0 /var/www/vhosts/test.tawseelonline.om/tawseelonline.om/myapp/system/CodeIgniter.php(908): App\Controllers\Businesses->__construct()
#1 /var/www/vhosts/test.tawseelonline.om/tawseelonline.om/myapp/system/CodeIgniter.php(422): CodeIgniter\CodeIgniter->createController()
#2 /var/www/vhosts/test.tawseelonline.om/tawseelonline.om/myapp/system/CodeIgniter.php(333): CodeIgniter\CodeIgniter->handleRequest()
#3 /var/www/vhosts/test.tawseelonline.om/tawseelonline.om/index.php(44): CodeIgniter\CodeIgniter->run()
#4 {main}
CRITICAL - 2025-06-15 03:53:47 --> Call to undefined function App\Controllers\request()
#0 /var/www/vhosts/test.tawseelonline.om/tawseelonline.om/myapp/system/CodeIgniter.php(908): App\Controllers\Businesses->__construct()
#1 /var/www/vhosts/test.tawseelonline.om/tawseelonline.om/myapp/system/CodeIgniter.php(422): CodeIgniter\CodeIgniter->createController()
#2 /var/www/vhosts/test.tawseelonline.om/tawseelonline.om/myapp/system/CodeIgniter.php(333): CodeIgniter\CodeIgniter->handleRequest()
#3 /var/www/vhosts/test.tawseelonline.om/tawseelonline.om/index.php(44): CodeIgniter\CodeIgniter->run()
#4 {main}
CRITICAL - 2025-06-15 03:53:48 --> Call to undefined function App\Controllers\request()
#0 /var/www/vhosts/test.tawseelonline.om/tawseelonline.om/myapp/system/CodeIgniter.php(908): App\Controllers\Businesses->__construct()
#1 /var/www/vhosts/test.tawseelonline.om/tawseelonline.om/myapp/system/CodeIgniter.php(422): CodeIgniter\CodeIgniter->createController()
#2 /var/www/vhosts/test.tawseelonline.om/tawseelonline.om/myapp/system/CodeIgniter.php(333): CodeIgniter\CodeIgniter->handleRequest()
#3 /var/www/vhosts/test.tawseelonline.om/tawseelonline.om/index.php(44): CodeIgniter\CodeIgniter->run()
#4 {main}
CRITICAL - 2025-06-15 03:53:49 --> Call to undefined function App\Controllers\request()
#0 /var/www/vhosts/test.tawseelonline.om/tawseelonline.om/myapp/system/CodeIgniter.php(936): App\Controllers\Dashboard->users()
#1 /var/www/vhosts/test.tawseelonline.om/tawseelonline.om/myapp/system/CodeIgniter.php(432): CodeIgniter\CodeIgniter->runController()
#2 /var/www/vhosts/test.tawseelonline.om/tawseelonline.om/myapp/system/CodeIgniter.php(333): CodeIgniter\CodeIgniter->handleRequest()
#3 /var/www/vhosts/test.tawseelonline.om/tawseelonline.om/index.php(44): CodeIgniter\CodeIgniter->run()
#4 {main}
CRITICAL - 2025-06-15 03:55:08 --> Call to undefined function App\Controllers\request()
#0 /var/www/vhosts/test.tawseelonline.om/tawseelonline.om/myapp/system/CodeIgniter.php(908): App\Controllers\Businesses->__construct()
#1 /var/www/vhosts/test.tawseelonline.om/tawseelonline.om/myapp/system/CodeIgniter.php(422): CodeIgniter\CodeIgniter->createController()
#2 /var/www/vhosts/test.tawseelonline.om/tawseelonline.om/myapp/system/CodeIgniter.php(333): CodeIgniter\CodeIgniter->handleRequest()
#3 /var/www/vhosts/test.tawseelonline.om/tawseelonline.om/index.php(44): CodeIgniter\CodeIgniter->run()
#4 {main}
CRITICAL - 2025-06-15 03:59:09 --> Object of type CodeIgniter\HTTP\IncomingRequest is not callable
#0 /var/www/vhosts/test.tawseelonline.om/tawseelonline.om/myapp/system/CodeIgniter.php(908): App\Controllers\Businesses->__construct()
#1 /var/www/vhosts/test.tawseelonline.om/tawseelonline.om/myapp/system/CodeIgniter.php(422): CodeIgniter\CodeIgniter->createController()
#2 /var/www/vhosts/test.tawseelonline.om/tawseelonline.om/myapp/system/CodeIgniter.php(333): CodeIgniter\CodeIgniter->handleRequest()
#3 /var/www/vhosts/test.tawseelonline.om/tawseelonline.om/index.php(44): CodeIgniter\CodeIgniter->run()
#4 {main}
CRITICAL - 2025-06-15 04:03:12 --> Call to undefined function App\Controllers\request()
#0 /var/www/vhosts/test.tawseelonline.om/tawseelonline.om/myapp/system/CodeIgniter.php(936): App\Controllers\Dashboard->users()
#1 /var/www/vhosts/test.tawseelonline.om/tawseelonline.om/myapp/system/CodeIgniter.php(432): CodeIgniter\CodeIgniter->runController()
#2 /var/www/vhosts/test.tawseelonline.om/tawseelonline.om/myapp/system/CodeIgniter.php(333): CodeIgniter\CodeIgniter->handleRequest()
#3 /var/www/vhosts/test.tawseelonline.om/tawseelonline.om/index.php(44): CodeIgniter\CodeIgniter->run()
#4 {main}
CRITICAL - 2025-06-15 04:04:38 --> Undefined variable $request
#0 /var/www/vhosts/test.tawseelonline.om/tawseelonline.om/myapp/app/Controllers/Dashboard.php(98): CodeIgniter\Debug\Exceptions->errorHandler()
#1 /var/www/vhosts/test.tawseelonline.om/tawseelonline.om/myapp/system/CodeIgniter.php(936): App\Controllers\Dashboard->users()
#2 /var/www/vhosts/test.tawseelonline.om/tawseelonline.om/myapp/system/CodeIgniter.php(432): CodeIgniter\CodeIgniter->runController()
#3 /var/www/vhosts/test.tawseelonline.om/tawseelonline.om/myapp/system/CodeIgniter.php(333): CodeIgniter\CodeIgniter->handleRequest()
#4 /var/www/vhosts/test.tawseelonline.om/tawseelonline.om/index.php(44): CodeIgniter\CodeIgniter->run()
#5 {main}
CRITICAL - 2025-06-15 04:06:38 --> Undefined variable $request
#0 /var/www/vhosts/test.tawseelonline.om/tawseelonline.om/myapp/app/Controllers/Dashboard.php(102): CodeIgniter\Debug\Exceptions->errorHandler()
#1 /var/www/vhosts/test.tawseelonline.om/tawseelonline.om/myapp/system/CodeIgniter.php(936): App\Controllers\Dashboard->users()
#2 /var/www/vhosts/test.tawseelonline.om/tawseelonline.om/myapp/system/CodeIgniter.php(432): CodeIgniter\CodeIgniter->runController()
#3 /var/www/vhosts/test.tawseelonline.om/tawseelonline.om/myapp/system/CodeIgniter.php(333): CodeIgniter\CodeIgniter->handleRequest()
#4 /var/www/vhosts/test.tawseelonline.om/tawseelonline.om/index.php(44): CodeIgniter\CodeIgniter->run()
#5 {main}
