CRITICAL - 2025-05-19 09:40:27 --> Call to undefined function base_ulr()
#0 /var/www/vhosts/test.tawseelonline.om/tawseelonline.om/myapp/system/View/View.php(220): include()
#1 /var/www/vhosts/test.tawseelonline.om/tawseelonline.om/myapp/system/View/View.php(222): CodeIgniter\View\View->CodeIgniter\View\{closure}()
#2 /var/www/vhosts/test.tawseelonline.om/tawseelonline.om/myapp/system/Common.php(1217): CodeIgniter\View\View->render()
#3 /var/www/vhosts/test.tawseelonline.om/tawseelonline.om/myapp/app/Controllers/Home.php(39): view()
#4 /var/www/vhosts/test.tawseelonline.om/tawseelonline.om/myapp/system/CodeIgniter.php(936): App\Controllers\Home->terms()
#5 /var/www/vhosts/test.tawseelonline.om/tawseelonline.om/myapp/system/CodeIgniter.php(432): CodeIgniter\CodeIgniter->runController()
#6 /var/www/vhosts/test.tawseelonline.om/tawseelonline.om/myapp/system/CodeIgniter.php(333): CodeIgniter\CodeIgniter->handleRequest()
#7 /var/www/vhosts/test.tawseelonline.om/tawseelonline.om/index.php(44): CodeIgniter\CodeIgniter->run()
#8 {main}
CRITICAL - 2025-05-19 09:40:30 --> Call to undefined function base_ulr()
#0 /var/www/vhosts/test.tawseelonline.om/tawseelonline.om/myapp/system/View/View.php(220): include()
#1 /var/www/vhosts/test.tawseelonline.om/tawseelonline.om/myapp/system/View/View.php(222): CodeIgniter\View\View->CodeIgniter\View\{closure}()
#2 /var/www/vhosts/test.tawseelonline.om/tawseelonline.om/myapp/system/Common.php(1217): CodeIgniter\View\View->render()
#3 /var/www/vhosts/test.tawseelonline.om/tawseelonline.om/myapp/app/Controllers/Home.php(39): view()
#4 /var/www/vhosts/test.tawseelonline.om/tawseelonline.om/myapp/system/CodeIgniter.php(936): App\Controllers\Home->terms()
#5 /var/www/vhosts/test.tawseelonline.om/tawseelonline.om/myapp/system/CodeIgniter.php(432): CodeIgniter\CodeIgniter->runController()
#6 /var/www/vhosts/test.tawseelonline.om/tawseelonline.om/myapp/system/CodeIgniter.php(333): CodeIgniter\CodeIgniter->handleRequest()
#7 /var/www/vhosts/test.tawseelonline.om/tawseelonline.om/index.php(44): CodeIgniter\CodeIgniter->run()
#8 {main}
